# JRE version: OpenJDK Runtime Environment (8.0_152-b01) (build 1.8.0_152-release-1343-b01)
# Java VM: OpenJDK 64-Bit Server VM (25.152-b01 mixed mode windows-amd64 compressed oops)
Heap:
 PSYoungGen      total 313344K, used 138231K [0x00000000e0000000, 0x0000000100000000, 0x0000000100000000)
  eden space 175104K, 0% used [0x00000000e0000000,0x00000000e0000000,0x00000000eab00000)
  from space 138240K, 99% used [0x00000000f7900000,0x00000000ffffdf58,0x0000000100000000)
  to   space 174592K, 0% used [0x00000000eab00000,0x00000000eab00000,0x00000000f5580000)
 ParOldGen       total 391680K, used 373500K [0x00000000a0000000, 0x00000000b7e80000, 0x00000000e0000000)
  object space 391680K, 95% used [0x00000000a0000000,0x00000000b6cbf320,0x00000000b7e80000)
 Metaspace       used 109632K, capacity 113404K, committed 113496K, reserved 1148928K
  class space    used 13690K, capacity 14450K, committed 14464K, reserved 1048576K
GC Heap History (10 events):
Event: 382.952 GC heap after
Heap after GC invocations=50 (full 7):
 PSYoungGen      total 398848K, used 63294K [0x00000000e0000000, 0x00000000ffc00000, 0x0000000100000000)
  eden space 276992K, 0% used [0x00000000e0000000,0x00000000e0000000,0x00000000f0e80000)
  from space 121856K, 51% used [0x00000000f8500000,0x00000000fc2cf870,0x00000000ffc00000)
  to   space 121344K, 0% used [0x00000000f0e80000,0x00000000f0e80000,0x00000000f8500000)
 ParOldGen       total 391680K, used 284092K [0x00000000a0000000, 0x00000000b7e80000, 0x00000000e0000000)
  object space 391680K, 72% used [0x00000000a0000000,0x00000000b156f2c0,0x00000000b7e80000)
 Metaspace       used 109410K, capacity 113096K, committed 113240K, reserved 1148928K
  class space    used 13682K, capacity 14446K, committed 14464K, reserved 1048576K
}
Event: 384.308 GC heap before
{Heap before GC invocations=51 (full 7):
 PSYoungGen      total 398848K, used 340286K [0x00000000e0000000, 0x00000000ffc00000, 0x0000000100000000)
  eden space 276992K, 100% used [0x00000000e0000000,0x00000000f0e80000,0x00000000f0e80000)
  from space 121856K, 51% used [0x00000000f8500000,0x00000000fc2cf870,0x00000000ffc00000)
  to   space 121344K, 0% used [0x00000000f0e80000,0x00000000f0e80000,0x00000000f8500000)
 ParOldGen       total 391680K, used 284092K [0x00000000a0000000, 0x00000000b7e80000, 0x00000000e0000000)
  object space 391680K, 72% used [0x00000000a0000000,0x00000000b156f2c0,0x00000000b7e80000)
 Metaspace       used 109534K, capacity 113250K, committed 113496K, reserved 1148928K
  class space    used 13686K, capacity 14447K, committed 14464K, reserved 1048576K
Event: 384.417 GC heap after
Heap after GC invocations=51 (full 7):
 PSYoungGen      total 398336K, used 67680K [0x00000000e0000000, 0x00000000ffa80000, 0x0000000100000000)
  eden space 276992K, 0% used [0x00000000e0000000,0x00000000e0000000,0x00000000f0e80000)
  from space 121344K, 55% used [0x00000000f0e80000,0x00000000f5098348,0x00000000f8500000)
  to   space 118784K, 0% used [0x00000000f8680000,0x00000000f8680000,0x00000000ffa80000)
 ParOldGen       total 391680K, used 284092K [0x00000000a0000000, 0x00000000b7e80000, 0x00000000e0000000)
  object space 391680K, 72% used [0x00000000a0000000,0x00000000b156f2c0,0x00000000b7e80000)
 Metaspace       used 109534K, capacity 113250K, committed 113496K, reserved 1148928K
  class space    used 13686K, capacity 14447K, committed 14464K, reserved 1048576K
}
Event: 386.123 GC heap before
{Heap before GC invocations=52 (full 7):
 PSYoungGen      total 398336K, used 344408K [0x00000000e0000000, 0x00000000ffa80000, 0x0000000100000000)
  eden space 276992K, 99% used [0x00000000e0000000,0x00000000f0e3dce8,0x00000000f0e80000)
  from space 121344K, 55% used [0x00000000f0e80000,0x00000000f5098348,0x00000000f8500000)
  to   space 118784K, 0% used [0x00000000f8680000,0x00000000f8680000,0x00000000ffa80000)
 ParOldGen       total 391680K, used 284092K [0x00000000a0000000, 0x00000000b7e80000, 0x00000000e0000000)
  object space 391680K, 72% used [0x00000000a0000000,0x00000000b156f2c0,0x00000000b7e80000)
 Metaspace       used 109608K, capacity 113400K, committed 113496K, reserved 1148928K
  class space    used 13690K, capacity 14450K, committed 14464K, reserved 1048576K
Event: 386.240 GC heap after
Heap after GC invocations=52 (full 7):
 PSYoungGen      total 366592K, used 118778K [0x00000000e0000000, 0x0000000100000000, 0x0000000100000000)
  eden space 247808K, 0% used [0x00000000e0000000,0x00000000e0000000,0x00000000ef200000)
  from space 118784K, 99% used [0x00000000f8680000,0x00000000ffa7e8d8,0x00000000ffa80000)
  to   space 138240K, 0% used [0x00000000ef200000,0x00000000ef200000,0x00000000f7900000)
 ParOldGen       total 391680K, used 291999K [0x00000000a0000000, 0x00000000b7e80000, 0x00000000e0000000)
  object space 391680K, 74% used [0x00000000a0000000,0x00000000b1d27f90,0x00000000b7e80000)
 Metaspace       used 109608K, capacity 113400K, committed 113496K, reserved 1148928K
  class space    used 13690K, capacity 14450K, committed 14464K, reserved 1048576K
}
Event: 387.430 GC heap before
{Heap before GC invocations=53 (full 7):
 PSYoungGen      total 366592K, used 366586K [0x00000000e0000000, 0x0000000100000000, 0x0000000100000000)
  eden space 247808K, 100% used [0x00000000e0000000,0x00000000ef200000,0x00000000ef200000)
  from space 118784K, 99% used [0x00000000f8680000,0x00000000ffa7e8d8,0x00000000ffa80000)
  to   space 138240K, 0% used [0x00000000ef200000,0x00000000ef200000,0x00000000f7900000)
 ParOldGen       total 391680K, used 291999K [0x00000000a0000000, 0x00000000b7e80000, 0x00000000e0000000)
  object space 391680K, 74% used [0x00000000a0000000,0x00000000b1d27f90,0x00000000b7e80000)
 Metaspace       used 109631K, capacity 113404K, committed 113496K, reserved 1148928K
  class space    used 13690K, capacity 14450K, committed 14464K, reserved 1048576K
Event: 387.629 GC heap after
Heap after GC invocations=53 (full 7):
 PSYoungGen      total 386048K, used 138209K [0x00000000e0000000, 0x0000000100000000, 0x0000000100000000)
  eden space 247808K, 0% used [0x00000000e0000000,0x00000000e0000000,0x00000000ef200000)
  from space 138240K, 99% used [0x00000000ef200000,0x00000000f78f8630,0x00000000f7900000)
  to   space 138240K, 0% used [0x00000000f7900000,0x00000000f7900000,0x0000000100000000)
 ParOldGen       total 391680K, used 331436K [0x00000000a0000000, 0x00000000b7e80000, 0x00000000e0000000)
  object space 391680K, 84% used [0x00000000a0000000,0x00000000b43ab048,0x00000000b7e80000)
 Metaspace       used 109631K, capacity 113404K, committed 113496K, reserved 1148928K
  class space    used 13690K, capacity 14450K, committed 14464K, reserved 1048576K
}
Event: 388.070 GC heap before
{Heap before GC invocations=54 (full 7):
 PSYoungGen      total 386048K, used 386017K [0x00000000e0000000, 0x0000000100000000, 0x0000000100000000)
  eden space 247808K, 100% used [0x00000000e0000000,0x00000000ef200000,0x00000000ef200000)
  from space 138240K, 99% used [0x00000000ef200000,0x00000000f78f8630,0x00000000f7900000)
  to   space 138240K, 0% used [0x00000000f7900000,0x00000000f7900000,0x0000000100000000)
 ParOldGen       total 391680K, used 331436K [0x00000000a0000000, 0x00000000b7e80000, 0x00000000e0000000)
  object space 391680K, 84% used [0x00000000a0000000,0x00000000b43ab048,0x00000000b7e80000)
 Metaspace       used 109632K, capacity 113404K, committed 113496K, reserved 1148928K
  class space    used 13690K, capacity 14450K, committed 14464K, reserved 1048576K
Event: 388.233 GC heap after
Heap after GC invocations=54 (full 7):
 PSYoungGen      total 313344K, used 138231K [0x00000000e0000000, 0x0000000100000000, 0x0000000100000000)
  eden space 175104K, 0% used [0x00000000e0000000,0x00000000e0000000,0x00000000eab00000)
  from space 138240K, 99% used [0x00000000f7900000,0x00000000ffffdf58,0x0000000100000000)
  to   space 174592K, 0% used [0x00000000eab00000,0x00000000eab00000,0x00000000f5580000)
 ParOldGen       total 391680K, used 373500K [0x00000000a0000000, 0x00000000b7e80000, 0x00000000e0000000)
  object space 391680K, 95% used [0x00000000a0000000,0x00000000b6cbf320,0x00000000b7e80000)
 Metaspace       used 109632K, capacity 113404K, committed 113496K, reserved 1148928K
  class space    used 13690K, capacity 14450K, committed 14464K, reserved 1048576K
}
Event: 388.233 GC heap before
{Heap before GC invocations=55 (full 8):
 PSYoungGen      total 313344K, used 138231K [0x00000000e0000000, 0x0000000100000000, 0x0000000100000000)
  eden space 175104K, 0% used [0x00000000e0000000,0x00000000e0000000,0x00000000eab00000)
  from space 138240K, 99% used [0x00000000f7900000,0x00000000ffffdf58,0x0000000100000000)
  to   space 174592K, 0% used [0x00000000eab00000,0x00000000eab00000,0x00000000f5580000)
 ParOldGen       total 391680K, used 373500K [0x00000000a0000000, 0x00000000b7e80000, 0x00000000e0000000)
  object space 391680K, 95% used [0x00000000a0000000,0x00000000b6cbf320,0x00000000b7e80000)
 Metaspace       used 109632K, capacity 113404K, committed 113496K, reserved 1148928K
  class space    used 13690K, capacity 14450K, committed 14464K, reserved 1048576K

