# JRE version: OpenJDK Runtime Environment (8.0_152-b01) (build 1.8.0_152-release-1343-b01)
# Java VM: OpenJDK 64-Bit Server VM (25.152-b01 mixed mode windows-amd64 compressed oops)
Heap:
 PSYoungGen      total 367616K, used 44015K [0x00000000e0000000, 0x0000000100000000, 0x0000000100000000)
  eden space 323584K, 0% used [0x00000000e0000000,0x00000000e0000000,0x00000000f3c00000)
  from space 44032K, 99% used [0x00000000fd500000,0x00000000ffffbf58,0x0000000100000000)
  to   space 100352K, 0% used [0x00000000f3c00000,0x00000000f3c00000,0x00000000f9e00000)
 ParOldGen       total 1048576K, used 1010954K [0x00000000a0000000, 0x00000000e0000000, 0x00000000e0000000)
  object space 1048576K, 96% used [0x00000000a0000000,0x00000000ddb429d0,0x00000000e0000000)
 Metaspace       used 214464K, capacity 225884K, committed 234072K, reserved 1253376K
  class space    used 25294K, capacity 27347K, committed 29528K, reserved 1048576K
GC Heap History (10 events):
Event: 40610.132 GC heap after
Heap after GC invocations=1081 (full 52):
 PSYoungGen      total 481792K, used 4941K [0x00000000e0000000, 0x00000000ffc00000, 0x0000000100000000)
  eden space 443392K, 0% used [0x00000000e0000000,0x00000000e0000000,0x00000000fb100000)
  from space 38400K, 12% used [0x00000000fd580000,0x00000000fda53638,0x00000000ffb00000)
  to   space 37376K, 0% used [0x00000000fb100000,0x00000000fb100000,0x00000000fd580000)
 ParOldGen       total 1048576K, used 866840K [0x00000000a0000000, 0x00000000e0000000, 0x00000000e0000000)
  object space 1048576K, 82% used [0x00000000a0000000,0x00000000d4e863f8,0x00000000e0000000)
 Metaspace       used 199735K, capacity 210836K, committed 233688K, reserved 1253376K
  class space    used 23574K, capacity 25590K, committed 29400K, reserved 1048576K
}
Event: 40631.794 GC heap before
{Heap before GC invocations=1082 (full 52):
 PSYoungGen      total 481792K, used 448333K [0x00000000e0000000, 0x00000000ffc00000, 0x0000000100000000)
  eden space 443392K, 100% used [0x00000000e0000000,0x00000000fb100000,0x00000000fb100000)
  from space 38400K, 12% used [0x00000000fd580000,0x00000000fda53638,0x00000000ffb00000)
  to   space 37376K, 0% used [0x00000000fb100000,0x00000000fb100000,0x00000000fd580000)
 ParOldGen       total 1048576K, used 866840K [0x00000000a0000000, 0x00000000e0000000, 0x00000000e0000000)
  object space 1048576K, 82% used [0x00000000a0000000,0x00000000d4e863f8,0x00000000e0000000)
 Metaspace       used 204802K, capacity 215928K, committed 233688K, reserved 1253376K
  class space    used 24189K, capacity 26209K, committed 29400K, reserved 1048576K
Event: 40631.845 GC heap after
Heap after GC invocations=1082 (full 52):
 PSYoungGen      total 480256K, used 36513K [0x00000000e0000000, 0x0000000100000000, 0x0000000100000000)
  eden space 443392K, 0% used [0x00000000e0000000,0x00000000e0000000,0x00000000fb100000)
  from space 36864K, 99% used [0x00000000fb100000,0x00000000fd4a87c0,0x00000000fd500000)
  to   space 44032K, 0% used [0x00000000fd500000,0x00000000fd500000,0x0000000100000000)
 ParOldGen       total 1048576K, used 867345K [0x00000000a0000000, 0x00000000e0000000, 0x00000000e0000000)
  object space 1048576K, 82% used [0x00000000a0000000,0x00000000d4f045c8,0x00000000e0000000)
 Metaspace       used 204802K, capacity 215928K, committed 233688K, reserved 1253376K
  class space    used 24189K, capacity 26209K, committed 29400K, reserved 1048576K
}
Event: 40657.411 GC heap before
{Heap before GC invocations=1083 (full 52):
 PSYoungGen      total 480256K, used 479905K [0x00000000e0000000, 0x0000000100000000, 0x0000000100000000)
  eden space 443392K, 100% used [0x00000000e0000000,0x00000000fb100000,0x00000000fb100000)
  from space 36864K, 99% used [0x00000000fb100000,0x00000000fd4a87c0,0x00000000fd500000)
  to   space 44032K, 0% used [0x00000000fd500000,0x00000000fd500000,0x0000000100000000)
 ParOldGen       total 1048576K, used 867345K [0x00000000a0000000, 0x00000000e0000000, 0x00000000e0000000)
  object space 1048576K, 82% used [0x00000000a0000000,0x00000000d4f045c8,0x00000000e0000000)
 Metaspace       used 207905K, capacity 219100K, committed 233688K, reserved 1253376K
  class space    used 24558K, capacity 26573K, committed 29400K, reserved 1048576K
Event: 40657.447 GC heap after
Heap after GC invocations=1083 (full 52):
 PSYoungGen      total 482304K, used 9473K [0x00000000e0000000, 0x0000000100000000, 0x0000000100000000)
  eden space 438272K, 0% used [0x00000000e0000000,0x00000000e0000000,0x00000000fac00000)
  from space 44032K, 21% used [0x00000000fd500000,0x00000000fde404f8,0x0000000100000000)
  to   space 41984K, 0% used [0x00000000fac00000,0x00000000fac00000,0x00000000fd500000)
 ParOldGen       total 1048576K, used 876131K [0x00000000a0000000, 0x00000000e0000000, 0x00000000e0000000)
  object space 1048576K, 83% used [0x00000000a0000000,0x00000000d5798ee8,0x00000000e0000000)
 Metaspace       used 207905K, capacity 219100K, committed 233688K, reserved 1253376K
  class space    used 24558K, capacity 26573K, committed 29400K, reserved 1048576K
}
Event: 40661.324 GC heap before
{Heap before GC invocations=1084 (full 52):
 PSYoungGen      total 482304K, used 447745K [0x00000000e0000000, 0x0000000100000000, 0x0000000100000000)
  eden space 438272K, 100% used [0x00000000e0000000,0x00000000fac00000,0x00000000fac00000)
  from space 44032K, 21% used [0x00000000fd500000,0x00000000fde404f8,0x0000000100000000)
  to   space 41984K, 0% used [0x00000000fac00000,0x00000000fac00000,0x00000000fd500000)
 ParOldGen       total 1048576K, used 876131K [0x00000000a0000000, 0x00000000e0000000, 0x00000000e0000000)
  object space 1048576K, 83% used [0x00000000a0000000,0x00000000d5798ee8,0x00000000e0000000)
 Metaspace       used 213610K, capacity 224882K, committed 233816K, reserved 1253376K
  class space    used 25170K, capacity 27208K, committed 29528K, reserved 1048576K
Event: 40661.598 GC heap after
Heap after GC invocations=1084 (full 52):
 PSYoungGen      total 480256K, used 41981K [0x00000000e0000000, 0x0000000100000000, 0x0000000100000000)
  eden space 438272K, 0% used [0x00000000e0000000,0x00000000e0000000,0x00000000fac00000)
  from space 41984K, 99% used [0x00000000fac00000,0x00000000fd4ff450,0x00000000fd500000)
  to   space 44032K, 0% used [0x00000000fd500000,0x00000000fd500000,0x0000000100000000)
 ParOldGen       total 1048576K, used 966585K [0x00000000a0000000, 0x00000000e0000000, 0x00000000e0000000)
  object space 1048576K, 92% used [0x00000000a0000000,0x00000000dafee7d8,0x00000000e0000000)
 Metaspace       used 213610K, capacity 224882K, committed 233816K, reserved 1253376K
  class space    used 25170K, capacity 27208K, committed 29528K, reserved 1048576K
}
Event: 40670.763 GC heap before
{Heap before GC invocations=1085 (full 52):
 PSYoungGen      total 480256K, used 480253K [0x00000000e0000000, 0x0000000100000000, 0x0000000100000000)
  eden space 438272K, 100% used [0x00000000e0000000,0x00000000fac00000,0x00000000fac00000)
  from space 41984K, 99% used [0x00000000fac00000,0x00000000fd4ff450,0x00000000fd500000)
  to   space 44032K, 0% used [0x00000000fd500000,0x00000000fd500000,0x0000000100000000)
 ParOldGen       total 1048576K, used 966585K [0x00000000a0000000, 0x00000000e0000000, 0x00000000e0000000)
  object space 1048576K, 92% used [0x00000000a0000000,0x00000000dafee7d8,0x00000000e0000000)
 Metaspace       used 214464K, capacity 225884K, committed 234072K, reserved 1253376K
  class space    used 25294K, capacity 27347K, committed 29528K, reserved 1048576K
Event: 40670.920 GC heap after
Heap after GC invocations=1085 (full 52):
 PSYoungGen      total 367616K, used 44015K [0x00000000e0000000, 0x0000000100000000, 0x0000000100000000)
  eden space 323584K, 0% used [0x00000000e0000000,0x00000000e0000000,0x00000000f3c00000)
  from space 44032K, 99% used [0x00000000fd500000,0x00000000ffffbf58,0x0000000100000000)
  to   space 100352K, 0% used [0x00000000f3c00000,0x00000000f3c00000,0x00000000f9e00000)
 ParOldGen       total 1048576K, used 1010954K [0x00000000a0000000, 0x00000000e0000000, 0x00000000e0000000)
  object space 1048576K, 96% used [0x00000000a0000000,0x00000000ddb429d0,0x00000000e0000000)
 Metaspace       used 214464K, capacity 225884K, committed 234072K, reserved 1253376K
  class space    used 25294K, capacity 27347K, committed 29528K, reserved 1048576K
}
Event: 40670.920 GC heap before
{Heap before GC invocations=1086 (full 53):
 PSYoungGen      total 367616K, used 44015K [0x00000000e0000000, 0x0000000100000000, 0x0000000100000000)
  eden space 323584K, 0% used [0x00000000e0000000,0x00000000e0000000,0x00000000f3c00000)
  from space 44032K, 99% used [0x00000000fd500000,0x00000000ffffbf58,0x0000000100000000)
  to   space 100352K, 0% used [0x00000000f3c00000,0x00000000f3c00000,0x00000000f9e00000)
 ParOldGen       total 1048576K, used 1010954K [0x00000000a0000000, 0x00000000e0000000, 0x00000000e0000000)
  object space 1048576K, 96% used [0x00000000a0000000,0x00000000ddb429d0,0x00000000e0000000)
 Metaspace       used 214464K, capacity 225884K, committed 234072K, reserved 1253376K
  class space    used 25294K, capacity 27347K, committed 29528K, reserved 1048576K

