# JRE version: OpenJDK Runtime Environment (8.0_152-b01) (build 1.8.0_152-release-1343-b01)
# Java VM: OpenJDK 64-Bit Server VM (25.152-b01 mixed mode windows-amd64 compressed oops)
Heap:
 PSYoungGen      total 379904K, used 270615K [0x00000000e0000000, 0x0000000100000000, 0x0000000100000000)
  eden space 246784K, 73% used [0x00000000e0000000,0x00000000eb01ae10,0x00000000ef100000)
  from space 133120K, 67% used [0x00000000f7e00000,0x00000000fd62ae38,0x0000000100000000)
  to   space 138752K, 0% used [0x00000000ef100000,0x00000000ef100000,0x00000000f7880000)
 ParOldGen       total 758784K, used 472570K [0x00000000a0000000, 0x00000000ce500000, 0x00000000e0000000)
  object space 758784K, 62% used [0x00000000a0000000,0x00000000bcd7eae8,0x00000000ce500000)
 Metaspace       used 111982K, capacity 116138K, committed 116376K, reserved 1150976K
  class space    used 14034K, capacity 14927K, committed 15000K, reserved 1048576K
GC Heap History (10 events):
Event: 220.568 GC heap before
{Heap before GC invocations=43 (full 6):
 PSYoungGen      total 406016K, used 306735K [0x00000000e0000000, 0x0000000100000000, 0x0000000100000000)
  eden space 283648K, 100% used [0x00000000e0000000,0x00000000f1500000,0x00000000f1500000)
  from space 122368K, 18% used [0x00000000f8880000,0x00000000f9f0bfa8,0x0000000100000000)
  to   space 118272K, 0% used [0x00000000f1500000,0x00000000f1500000,0x00000000f8880000)
 ParOldGen       total 514560K, used 328362K [0x00000000a0000000, 0x00000000bf680000, 0x00000000e0000000)
  object space 514560K, 63% used [0x00000000a0000000,0x00000000b40aa908,0x00000000bf680000)
 Metaspace       used 106633K, capacity 110268K, committed 110488K, reserved 1144832K
  class space    used 13329K, capacity 14150K, committed 14232K, reserved 1048576K
Event: 220.688 GC heap after
Heap after GC invocations=43 (full 6):
 PSYoungGen      total 370176K, used 86290K [0x00000000e0000000, 0x0000000100000000, 0x0000000100000000)
  eden space 283648K, 0% used [0x00000000e0000000,0x00000000e0000000,0x00000000f1500000)
  from space 86528K, 99% used [0x00000000f1500000,0x00000000f6944a70,0x00000000f6980000)
  to   space 126976K, 0% used [0x00000000f8400000,0x00000000f8400000,0x0000000100000000)
 ParOldGen       total 514560K, used 349341K [0x00000000a0000000, 0x00000000bf680000, 0x00000000e0000000)
  object space 514560K, 67% used [0x00000000a0000000,0x00000000b55274e0,0x00000000bf680000)
 Metaspace       used 106633K, capacity 110268K, committed 110488K, reserved 1144832K
  class space    used 13329K, capacity 14150K, committed 14232K, reserved 1048576K
}
Event: 223.779 GC heap before
{Heap before GC invocations=44 (full 6):
 PSYoungGen      total 370176K, used 369938K [0x00000000e0000000, 0x0000000100000000, 0x0000000100000000)
  eden space 283648K, 100% used [0x00000000e0000000,0x00000000f1500000,0x00000000f1500000)
  from space 86528K, 99% used [0x00000000f1500000,0x00000000f6944a70,0x00000000f6980000)
  to   space 126976K, 0% used [0x00000000f8400000,0x00000000f8400000,0x0000000100000000)
 ParOldGen       total 514560K, used 349341K [0x00000000a0000000, 0x00000000bf680000, 0x00000000e0000000)
  object space 514560K, 67% used [0x00000000a0000000,0x00000000b55274e0,0x00000000bf680000)
 Metaspace       used 109677K, capacity 113340K, committed 113432K, reserved 1148928K
  class space    used 13772K, capacity 14598K, committed 14616K, reserved 1048576K
Event: 223.924 GC heap after
Heap after GC invocations=44 (full 6):
 PSYoungGen      total 395264K, used 71917K [0x00000000e0000000, 0x0000000100000000, 0x0000000100000000)
  eden space 268288K, 0% used [0x00000000e0000000,0x00000000e0000000,0x00000000f0600000)
  from space 126976K, 56% used [0x00000000f8400000,0x00000000fca3b7a0,0x0000000100000000)
  to   space 128000K, 0% used [0x00000000f0600000,0x00000000f0600000,0x00000000f8300000)
 ParOldGen       total 514560K, used 432896K [0x00000000a0000000, 0x00000000bf680000, 0x00000000e0000000)
  object space 514560K, 84% used [0x00000000a0000000,0x00000000ba6c0028,0x00000000bf680000)
 Metaspace       used 109677K, capacity 113340K, committed 113432K, reserved 1148928K
  class space    used 13772K, capacity 14598K, committed 14616K, reserved 1048576K
}
Event: 223.924 GC heap before
{Heap before GC invocations=45 (full 7):
 PSYoungGen      total 395264K, used 71917K [0x00000000e0000000, 0x0000000100000000, 0x0000000100000000)
  eden space 268288K, 0% used [0x00000000e0000000,0x00000000e0000000,0x00000000f0600000)
  from space 126976K, 56% used [0x00000000f8400000,0x00000000fca3b7a0,0x0000000100000000)
  to   space 128000K, 0% used [0x00000000f0600000,0x00000000f0600000,0x00000000f8300000)
 ParOldGen       total 514560K, used 432896K [0x00000000a0000000, 0x00000000bf680000, 0x00000000e0000000)
  object space 514560K, 84% used [0x00000000a0000000,0x00000000ba6c0028,0x00000000bf680000)
 Metaspace       used 109677K, capacity 113340K, committed 113432K, reserved 1148928K
  class space    used 13772K, capacity 14598K, committed 14616K, reserved 1048576K
Event: 225.937 GC heap after
Heap after GC invocations=45 (full 7):
 PSYoungGen      total 395264K, used 0K [0x00000000e0000000, 0x0000000100000000, 0x0000000100000000)
  eden space 268288K, 0% used [0x00000000e0000000,0x00000000e0000000,0x00000000f0600000)
  from space 126976K, 0% used [0x00000000f8400000,0x00000000f8400000,0x0000000100000000)
  to   space 128000K, 0% used [0x00000000f0600000,0x00000000f0600000,0x00000000f8300000)
 ParOldGen       total 758784K, used 472562K [0x00000000a0000000, 0x00000000ce500000, 0x00000000e0000000)
  object space 758784K, 62% used [0x00000000a0000000,0x00000000bcd7cae8,0x00000000ce500000)
 Metaspace       used 109677K, capacity 113340K, committed 113432K, reserved 1148928K
  class space    used 13772K, capacity 14598K, committed 14616K, reserved 1048576K
}
Event: 229.360 GC heap before
{Heap before GC invocations=46 (full 7):
 PSYoungGen      total 395264K, used 268288K [0x00000000e0000000, 0x0000000100000000, 0x0000000100000000)
  eden space 268288K, 100% used [0x00000000e0000000,0x00000000f0600000,0x00000000f0600000)
  from space 126976K, 0% used [0x00000000f8400000,0x00000000f8400000,0x0000000100000000)
  to   space 128000K, 0% used [0x00000000f0600000,0x00000000f0600000,0x00000000f8300000)
 ParOldGen       total 758784K, used 472562K [0x00000000a0000000, 0x00000000ce500000, 0x00000000e0000000)
  object space 758784K, 62% used [0x00000000a0000000,0x00000000bcd7cae8,0x00000000ce500000)
 Metaspace       used 110783K, capacity 114854K, committed 114968K, reserved 1148928K
  class space    used 13910K, capacity 14773K, committed 14872K, reserved 1048576K
Event: 229.425 GC heap after
Heap after GC invocations=46 (full 7):
 PSYoungGen      total 353280K, used 84981K [0x00000000e0000000, 0x0000000100000000, 0x0000000100000000)
  eden space 268288K, 0% used [0x00000000e0000000,0x00000000e0000000,0x00000000f0600000)
  from space 84992K, 99% used [0x00000000f0600000,0x00000000f58fd4c0,0x00000000f5900000)
  to   space 133120K, 0% used [0x00000000f7e00000,0x00000000f7e00000,0x0000000100000000)
 ParOldGen       total 758784K, used 472570K [0x00000000a0000000, 0x00000000ce500000, 0x00000000e0000000)
  object space 758784K, 62% used [0x00000000a0000000,0x00000000bcd7eae8,0x00000000ce500000)
 Metaspace       used 110783K, capacity 114854K, committed 114968K, reserved 1148928K
  class space    used 13910K, capacity 14773K, committed 14872K, reserved 1048576K
}
Event: 231.444 GC heap before
{Heap before GC invocations=47 (full 7):
 PSYoungGen      total 353280K, used 353269K [0x00000000e0000000, 0x0000000100000000, 0x0000000100000000)
  eden space 268288K, 100% used [0x00000000e0000000,0x00000000f0600000,0x00000000f0600000)
  from space 84992K, 99% used [0x00000000f0600000,0x00000000f58fd4c0,0x00000000f5900000)
  to   space 133120K, 0% used [0x00000000f7e00000,0x00000000f7e00000,0x0000000100000000)
 ParOldGen       total 758784K, used 472570K [0x00000000a0000000, 0x00000000ce500000, 0x00000000e0000000)
  object space 758784K, 62% used [0x00000000a0000000,0x00000000bcd7eae8,0x00000000ce500000)
 Metaspace       used 110969K, capacity 115068K, committed 115224K, reserved 1148928K
  class space    used 13929K, capacity 14814K, committed 14872K, reserved 1048576K
Event: 231.498 GC heap after
Heap after GC invocations=47 (full 7):
 PSYoungGen      total 379904K, used 90283K [0x00000000e0000000, 0x0000000100000000, 0x0000000100000000)
  eden space 246784K, 0% used [0x00000000e0000000,0x00000000e0000000,0x00000000ef100000)
  from space 133120K, 67% used [0x00000000f7e00000,0x00000000fd62ae38,0x0000000100000000)
  to   space 138752K, 0% used [0x00000000ef100000,0x00000000ef100000,0x00000000f7880000)
 ParOldGen       total 758784K, used 472570K [0x00000000a0000000, 0x00000000ce500000, 0x00000000e0000000)
  object space 758784K, 62% used [0x00000000a0000000,0x00000000bcd7eae8,0x00000000ce500000)
 Metaspace       used 110969K, capacity 115068K, committed 115224K, reserved 1148928K
  class space    used 13929K, capacity 14814K, committed 14872K, reserved 1048576K
}

