# JRE version: OpenJDK Runtime Environment (8.0_152-b01) (build 1.8.0_152-release-1343-b01)
# Java VM: OpenJDK 64-Bit Server VM (25.152-b01 mixed mode windows-amd64 compressed oops)
Heap:
 PSYoungGen      total 412160K, used 94750K [0x00000000e0000000, 0x0000000100000000, 0x0000000100000000)
  eden space 300032K, 31% used [0x00000000e0000000,0x00000000e5c87900,0x00000000f2500000)
  from space 112128K, 0% used [0x00000000f2500000,0x00000000f2500000,0x00000000f9280000)
  to   space 109056K, 0% used [0x00000000f9580000,0x00000000f9580000,0x0000000100000000)
 ParOldGen       total 384512K, used 99730K [0x00000000a0000000, 0x00000000b7780000, 0x00000000e0000000)
  object space 384512K, 25% used [0x00000000a0000000,0x00000000a6164b48,0x00000000b7780000)
 Metaspace       used 88618K, capacity 91194K, committed 91392K, reserved 1128448K
  class space    used 11310K, capacity 11899K, committed 12032K, reserved 1048576K
GC Heap History (10 events):
Event: 89.288 GC heap before
{Heap before GC invocations=20 (full 4):
 PSYoungGen      total 346624K, used 42489K [0x00000000e0000000, 0x00000000fc200000, 0x0000000100000000)
  eden space 304128K, 0% used [0x00000000e0000000,0x00000000e0000000,0x00000000f2900000)
  from space 42496K, 99% used [0x00000000f6b00000,0x00000000f947e798,0x00000000f9480000)
  to   space 67584K, 0% used [0x00000000f2900000,0x00000000f2900000,0x00000000f6b00000)
 ParOldGen       total 166400K, used 145813K [0x00000000a0000000, 0x00000000aa280000, 0x00000000e0000000)
  object space 166400K, 87% used [0x00000000a0000000,0x00000000a8e654c8,0x00000000aa280000)
 Metaspace       used 74526K, capacity 76646K, committed 76928K, reserved 1116160K
  class space    used 9820K, capacity 10299K, committed 10368K, reserved 1048576K
Event: 90.882 GC heap after
Heap after GC invocations=20 (full 4):
 PSYoungGen      total 346624K, used 0K [0x00000000e0000000, 0x00000000fc200000, 0x0000000100000000)
  eden space 304128K, 0% used [0x00000000e0000000,0x00000000e0000000,0x00000000f2900000)
  from space 42496K, 0% used [0x00000000f6b00000,0x00000000f6b00000,0x00000000f9480000)
  to   space 67584K, 0% used [0x00000000f2900000,0x00000000f2900000,0x00000000f6b00000)
 ParOldGen       total 360448K, used 149899K [0x00000000a0000000, 0x00000000b6000000, 0x00000000e0000000)
  object space 360448K, 41% used [0x00000000a0000000,0x00000000a9262ef8,0x00000000b6000000)
 Metaspace       used 74516K, capacity 76616K, committed 76928K, reserved 1116160K
  class space    used 9817K, capacity 10294K, committed 10368K, reserved 1048576K
}
Event: 96.975 GC heap before
{Heap before GC invocations=21 (full 4):
 PSYoungGen      total 346624K, used 304128K [0x00000000e0000000, 0x00000000fc200000, 0x0000000100000000)
  eden space 304128K, 100% used [0x00000000e0000000,0x00000000f2900000,0x00000000f2900000)
  from space 42496K, 0% used [0x00000000f6b00000,0x00000000f6b00000,0x00000000f9480000)
  to   space 67584K, 0% used [0x00000000f2900000,0x00000000f2900000,0x00000000f6b00000)
 ParOldGen       total 360448K, used 149899K [0x00000000a0000000, 0x00000000b6000000, 0x00000000e0000000)
  object space 360448K, 41% used [0x00000000a0000000,0x00000000a9262ef8,0x00000000b6000000)
 Metaspace       used 83537K, capacity 85804K, committed 86144K, reserved 1124352K
  class space    used 10809K, capacity 11342K, committed 11392K, reserved 1048576K
Event: 97.158 GC heap after
Heap after GC invocations=21 (full 4):
 PSYoungGen      total 371712K, used 67583K [0x00000000e0000000, 0x0000000100000000, 0x0000000100000000)
  eden space 304128K, 0% used [0x00000000e0000000,0x00000000e0000000,0x00000000f2900000)
  from space 67584K, 99% used [0x00000000f2900000,0x00000000f6affdb0,0x00000000f6b00000)
  to   space 102912K, 0% used [0x00000000f9b80000,0x00000000f9b80000,0x0000000100000000)
 ParOldGen       total 360448K, used 214787K [0x00000000a0000000, 0x00000000b6000000, 0x00000000e0000000)
  object space 360448K, 59% used [0x00000000a0000000,0x00000000ad1c0f00,0x00000000b6000000)
 Metaspace       used 83537K, capacity 85804K, committed 86144K, reserved 1124352K
  class space    used 10809K, capacity 11342K, committed 11392K, reserved 1048576K
}
Event: 104.124 GC heap before
{Heap before GC invocations=22 (full 4):
 PSYoungGen      total 371712K, used 371711K [0x00000000e0000000, 0x0000000100000000, 0x0000000100000000)
  eden space 304128K, 100% used [0x00000000e0000000,0x00000000f2900000,0x00000000f2900000)
  from space 67584K, 99% used [0x00000000f2900000,0x00000000f6affdb0,0x00000000f6b00000)
  to   space 102912K, 0% used [0x00000000f9b80000,0x00000000f9b80000,0x0000000100000000)
 ParOldGen       total 360448K, used 214787K [0x00000000a0000000, 0x00000000b6000000, 0x00000000e0000000)
  object space 360448K, 59% used [0x00000000a0000000,0x00000000ad1c0f00,0x00000000b6000000)
 Metaspace       used 85265K, capacity 87532K, committed 88064K, reserved 1126400K
  class space    used 10934K, capacity 11470K, committed 11520K, reserved 1048576K
Event: 104.475 GC heap after
Heap after GC invocations=22 (full 4):
 PSYoungGen      total 402944K, used 79382K [0x00000000e0000000, 0x0000000100000000, 0x0000000100000000)
  eden space 300032K, 0% used [0x00000000e0000000,0x00000000e0000000,0x00000000f2500000)
  from space 102912K, 77% used [0x00000000f9b80000,0x00000000fe905930,0x0000000100000000)
  to   space 112128K, 0% used [0x00000000f2500000,0x00000000f2500000,0x00000000f9280000)
 ParOldGen       total 360448K, used 273105K [0x00000000a0000000, 0x00000000b6000000, 0x00000000e0000000)
  object space 360448K, 75% used [0x00000000a0000000,0x00000000b0ab45f8,0x00000000b6000000)
 Metaspace       used 85265K, capacity 87532K, committed 88064K, reserved 1126400K
  class space    used 10934K, capacity 11470K, committed 11520K, reserved 1048576K
}
Event: 122.054 GC heap before
{Heap before GC invocations=23 (full 4):
 PSYoungGen      total 402944K, used 379069K [0x00000000e0000000, 0x0000000100000000, 0x0000000100000000)
  eden space 300032K, 99% used [0x00000000e0000000,0x00000000f24a9c78,0x00000000f2500000)
  from space 102912K, 77% used [0x00000000f9b80000,0x00000000fe905930,0x0000000100000000)
  to   space 112128K, 0% used [0x00000000f2500000,0x00000000f2500000,0x00000000f9280000)
 ParOldGen       total 360448K, used 273105K [0x00000000a0000000, 0x00000000b6000000, 0x00000000e0000000)
  object space 360448K, 75% used [0x00000000a0000000,0x00000000b0ab45f8,0x00000000b6000000)
 Metaspace       used 88513K, capacity 91050K, committed 91264K, reserved 1128448K
  class space    used 11291K, capacity 11884K, committed 11904K, reserved 1048576K
Event: 122.428 GC heap after
Heap after GC invocations=23 (full 4):
 PSYoungGen      total 412160K, used 16922K [0x00000000e0000000, 0x0000000100000000, 0x0000000100000000)
  eden space 300032K, 0% used [0x00000000e0000000,0x00000000e0000000,0x00000000f2500000)
  from space 112128K, 15% used [0x00000000f2500000,0x00000000f3586a78,0x00000000f9280000)
  to   space 109056K, 0% used [0x00000000f9580000,0x00000000f9580000,0x0000000100000000)
 ParOldGen       total 360448K, used 340286K [0x00000000a0000000, 0x00000000b6000000, 0x00000000e0000000)
  object space 360448K, 94% used [0x00000000a0000000,0x00000000b4c4f940,0x00000000b6000000)
 Metaspace       used 88513K, capacity 91050K, committed 91264K, reserved 1128448K
  class space    used 11291K, capacity 11884K, committed 11904K, reserved 1048576K
}
Event: 122.428 GC heap before
{Heap before GC invocations=24 (full 5):
 PSYoungGen      total 412160K, used 16922K [0x00000000e0000000, 0x0000000100000000, 0x0000000100000000)
  eden space 300032K, 0% used [0x00000000e0000000,0x00000000e0000000,0x00000000f2500000)
  from space 112128K, 15% used [0x00000000f2500000,0x00000000f3586a78,0x00000000f9280000)
  to   space 109056K, 0% used [0x00000000f9580000,0x00000000f9580000,0x0000000100000000)
 ParOldGen       total 360448K, used 340286K [0x00000000a0000000, 0x00000000b6000000, 0x00000000e0000000)
  object space 360448K, 94% used [0x00000000a0000000,0x00000000b4c4f940,0x00000000b6000000)
 Metaspace       used 88513K, capacity 91050K, committed 91264K, reserved 1128448K
  class space    used 11291K, capacity 11884K, committed 11904K, reserved 1048576K
Event: 123.020 GC heap after
Heap after GC invocations=24 (full 5):
 PSYoungGen      total 412160K, used 0K [0x00000000e0000000, 0x0000000100000000, 0x0000000100000000)
  eden space 300032K, 0% used [0x00000000e0000000,0x00000000e0000000,0x00000000f2500000)
  from space 112128K, 0% used [0x00000000f2500000,0x00000000f2500000,0x00000000f9280000)
  to   space 109056K, 0% used [0x00000000f9580000,0x00000000f9580000,0x0000000100000000)
 ParOldGen       total 384512K, used 99730K [0x00000000a0000000, 0x00000000b7780000, 0x00000000e0000000)
  object space 384512K, 25% used [0x00000000a0000000,0x00000000a6164b48,0x00000000b7780000)
 Metaspace       used 88455K, capacity 90964K, committed 91264K, reserved 1128448K
  class space    used 11286K, capacity 11878K, committed 11904K, reserved 1048576K
}

