# JRE version: OpenJDK Runtime Environment (8.0_152-b01) (build 1.8.0_152-release-1343-b01)
# Java VM: OpenJDK 64-Bit Server VM (25.152-b01 mixed mode windows-amd64 compressed oops)
Heap:
 PSYoungGen      total 346624K, used 346620K [0x00000000e0000000, 0x0000000100000000, 0x0000000100000000)
  eden space 260096K, 100% used [0x00000000e0000000,0x00000000efe00000,0x00000000efe00000)
  from space 86528K, 99% used [0x00000000fab80000,0x00000000fffff000,0x0000000100000000)
  to   space 132096K, 49% used [0x00000000efe00000,0x00000000f3d48db0,0x00000000f7f00000)
 ParOldGen       total 520704K, used 373234K [0x00000000a0000000, 0x00000000bfc80000, 0x00000000e0000000)
  object space 520704K, 71% used [0x00000000a0000000,0x00000000b6c7c9f8,0x00000000bfc80000)
 Metaspace       used 110357K, capacity 114824K, committed 115096K, reserved 1148928K
  class space    used 13866K, capacity 14711K, committed 14760K, reserved 1048576K
GC Heap History (10 events):
Event: 59.935 GC heap after
Heap after GC invocations=20 (full 5):
 PSYoungGen      total 409600K, used 56311K [0x00000000e0000000, 0x00000000ffe80000, 0x0000000100000000)
  eden space 353280K, 0% used [0x00000000e0000000,0x00000000e0000000,0x00000000f5900000)
  from space 56320K, 99% used [0x00000000f9e00000,0x00000000fd4fdff8,0x00000000fd500000)
  to   space 70656K, 0% used [0x00000000f5900000,0x00000000f5900000,0x00000000f9e00000)
 ParOldGen       total 520704K, used 276599K [0x00000000a0000000, 0x00000000bfc80000, 0x00000000e0000000)
  object space 520704K, 53% used [0x00000000a0000000,0x00000000b0e1de18,0x00000000bfc80000)
 Metaspace       used 82521K, capacity 84948K, committed 85144K, reserved 1124352K
  class space    used 10611K, capacity 11157K, committed 11176K, reserved 1048576K
}
Event: 71.830 GC heap before
{Heap before GC invocations=21 (full 5):
 PSYoungGen      total 409600K, used 409591K [0x00000000e0000000, 0x00000000ffe80000, 0x0000000100000000)
  eden space 353280K, 100% used [0x00000000e0000000,0x00000000f5900000,0x00000000f5900000)
  from space 56320K, 99% used [0x00000000f9e00000,0x00000000fd4fdff8,0x00000000fd500000)
  to   space 70656K, 0% used [0x00000000f5900000,0x00000000f5900000,0x00000000f9e00000)
 ParOldGen       total 520704K, used 276860K [0x00000000a0000000, 0x00000000bfc80000, 0x00000000e0000000)
  object space 520704K, 53% used [0x00000000a0000000,0x00000000b0e5f320,0x00000000bfc80000)
 Metaspace       used 93024K, capacity 96778K, committed 96920K, reserved 1134592K
  class space    used 11934K, capacity 12684K, committed 12712K, reserved 1048576K
Event: 71.986 GC heap after
Heap after GC invocations=21 (full 5):
 PSYoungGen      total 423936K, used 56583K [0x00000000e0000000, 0x0000000100000000, 0x0000000100000000)
  eden space 353280K, 0% used [0x00000000e0000000,0x00000000e0000000,0x00000000f5900000)
  from space 70656K, 80% used [0x00000000f5900000,0x00000000f9041ec8,0x00000000f9e00000)
  to   space 76800K, 0% used [0x00000000fb500000,0x00000000fb500000,0x0000000100000000)
 ParOldGen       total 520704K, used 276868K [0x00000000a0000000, 0x00000000bfc80000, 0x00000000e0000000)
  object space 520704K, 53% used [0x00000000a0000000,0x00000000b0e61320,0x00000000bfc80000)
 Metaspace       used 93024K, capacity 96778K, committed 96920K, reserved 1134592K
  class space    used 11934K, capacity 12684K, committed 12712K, reserved 1048576K
}
Event: 319.031 GC heap before
{Heap before GC invocations=22 (full 5):
 PSYoungGen      total 423936K, used 409863K [0x00000000e0000000, 0x0000000100000000, 0x0000000100000000)
  eden space 353280K, 100% used [0x00000000e0000000,0x00000000f5900000,0x00000000f5900000)
  from space 70656K, 80% used [0x00000000f5900000,0x00000000f9041ec8,0x00000000f9e00000)
  to   space 76800K, 0% used [0x00000000fb500000,0x00000000fb500000,0x0000000100000000)
 ParOldGen       total 520704K, used 276868K [0x00000000a0000000, 0x00000000bfc80000, 0x00000000e0000000)
  object space 520704K, 53% used [0x00000000a0000000,0x00000000b0e61320,0x00000000bfc80000)
 Metaspace       used 100753K, capacity 105116K, committed 105368K, reserved 1140736K
  class space    used 12820K, capacity 13671K, committed 13736K, reserved 1048576K
Event: 319.198 GC heap after
Heap after GC invocations=22 (full 5):
 PSYoungGen      total 439296K, used 53508K [0x00000000e0000000, 0x0000000100000000, 0x0000000100000000)
  eden space 362496K, 0% used [0x00000000e0000000,0x00000000e0000000,0x00000000f6200000)
  from space 76800K, 69% used [0x00000000fb500000,0x00000000fe941068,0x0000000100000000)
  to   space 80896K, 0% used [0x00000000f6200000,0x00000000f6200000,0x00000000fb100000)
 ParOldGen       total 520704K, used 276876K [0x00000000a0000000, 0x00000000bfc80000, 0x00000000e0000000)
  object space 520704K, 53% used [0x00000000a0000000,0x00000000b0e63320,0x00000000bfc80000)
 Metaspace       used 100753K, capacity 105116K, committed 105368K, reserved 1140736K
  class space    used 12820K, capacity 13671K, committed 13736K, reserved 1048576K
}
Event: 328.583 GC heap before
{Heap before GC invocations=23 (full 5):
 PSYoungGen      total 439296K, used 416004K [0x00000000e0000000, 0x0000000100000000, 0x0000000100000000)
  eden space 362496K, 100% used [0x00000000e0000000,0x00000000f6200000,0x00000000f6200000)
  from space 76800K, 69% used [0x00000000fb500000,0x00000000fe941068,0x0000000100000000)
  to   space 80896K, 0% used [0x00000000f6200000,0x00000000f6200000,0x00000000fb100000)
 ParOldGen       total 520704K, used 276876K [0x00000000a0000000, 0x00000000bfc80000, 0x00000000e0000000)
  object space 520704K, 53% used [0x00000000a0000000,0x00000000b0e63320,0x00000000bfc80000)
 Metaspace       used 104455K, capacity 108780K, committed 109080K, reserved 1144832K
  class space    used 13258K, capacity 14075K, committed 14120K, reserved 1048576K
Event: 328.717 GC heap after
Heap after GC invocations=23 (full 5):
 PSYoungGen      total 424448K, used 61519K [0x00000000e0000000, 0x0000000100000000, 0x0000000100000000)
  eden space 362496K, 0% used [0x00000000e0000000,0x00000000e0000000,0x00000000f6200000)
  from space 61952K, 99% used [0x00000000f6200000,0x00000000f9e13ed0,0x00000000f9e80000)
  to   space 86528K, 0% used [0x00000000fab80000,0x00000000fab80000,0x0000000100000000)
 ParOldGen       total 520704K, used 276884K [0x00000000a0000000, 0x00000000bfc80000, 0x00000000e0000000)
  object space 520704K, 53% used [0x00000000a0000000,0x00000000b0e65320,0x00000000bfc80000)
 Metaspace       used 104455K, capacity 108780K, committed 109080K, reserved 1144832K
  class space    used 13258K, capacity 14075K, committed 14120K, reserved 1048576K
}
Event: 336.356 GC heap before
{Heap before GC invocations=24 (full 5):
 PSYoungGen      total 424448K, used 424015K [0x00000000e0000000, 0x0000000100000000, 0x0000000100000000)
  eden space 362496K, 100% used [0x00000000e0000000,0x00000000f6200000,0x00000000f6200000)
  from space 61952K, 99% used [0x00000000f6200000,0x00000000f9e13ed0,0x00000000f9e80000)
  to   space 86528K, 0% used [0x00000000fab80000,0x00000000fab80000,0x0000000100000000)
 ParOldGen       total 520704K, used 276884K [0x00000000a0000000, 0x00000000bfc80000, 0x00000000e0000000)
  object space 520704K, 53% used [0x00000000a0000000,0x00000000b0e65320,0x00000000bfc80000)
 Metaspace       used 106589K, capacity 111026K, committed 111384K, reserved 1146880K
  class space    used 13474K, capacity 14310K, committed 14376K, reserved 1048576K
Event: 336.575 GC heap after
Heap after GC invocations=24 (full 5):
 PSYoungGen      total 346624K, used 86524K [0x00000000e0000000, 0x0000000100000000, 0x0000000100000000)
  eden space 260096K, 0% used [0x00000000e0000000,0x00000000e0000000,0x00000000efe00000)
  from space 86528K, 99% used [0x00000000fab80000,0x00000000fffff000,0x0000000100000000)
  to   space 132096K, 0% used [0x00000000efe00000,0x00000000efe00000,0x00000000f7f00000)
 ParOldGen       total 520704K, used 362252K [0x00000000a0000000, 0x00000000bfc80000, 0x00000000e0000000)
  object space 520704K, 69% used [0x00000000a0000000,0x00000000b61c30c8,0x00000000bfc80000)
 Metaspace       used 106589K, capacity 111026K, committed 111384K, reserved 1146880K
  class space    used 13474K, capacity 14310K, committed 14376K, reserved 1048576K
}
Event: 339.066 GC heap before
{Heap before GC invocations=25 (full 5):
 PSYoungGen      total 346624K, used 346620K [0x00000000e0000000, 0x0000000100000000, 0x0000000100000000)
  eden space 260096K, 100% used [0x00000000e0000000,0x00000000efe00000,0x00000000efe00000)
  from space 86528K, 99% used [0x00000000fab80000,0x00000000fffff000,0x0000000100000000)
  to   space 132096K, 0% used [0x00000000efe00000,0x00000000efe00000,0x00000000f7f00000)
 ParOldGen       total 520704K, used 362252K [0x00000000a0000000, 0x00000000bfc80000, 0x00000000e0000000)
  object space 520704K, 69% used [0x00000000a0000000,0x00000000b61c30c8,0x00000000bfc80000)
 Metaspace       used 110357K, capacity 114824K, committed 115096K, reserved 1148928K
  class space    used 13866K, capacity 14711K, committed 14760K, reserved 1048576K

